# JRE version: OpenJDK Runtime Environment Temurin-17.0.4.1+1 (17.0.4.1+1) (build 17.0.4.1+1)
# Java VM: OpenJDK 64-Bit Server VM Temurin-17.0.4.1+1 (17.0.4.1+1, mixed mode, sharing, tiered, compressed oops, compressed class ptrs, g1 gc, linux-amd64)
GC Precious Log:
 CPUs: 8 total, 8 available
 Memory: 7843M
 Large Page Support: Disabled
 NUMA Support: Disabled
 Compressed Oops: Enabled (32-bit)
 Heap Region Size: 1M
 Heap Min Capacity: 8M
 Heap Initial Capacity: 124M
 Heap Max Capacity: 1962M
 Pre-touch: Disabled
 Parallel Workers: 8
 Concurrent Workers: 2
 Concurrent Refinement Workers: 8
 Periodic GC: Disabled
Heap:
 garbage-first heap   total 286720K, used 175991K [0x0000000085600000, 0x0000000100000000)
  region size 1024K, 54 young (55296K), 2 survivors (2048K)
 Metaspace       used 21153K, committed 21440K, reserved 1073152K
  class space    used 2251K, committed 2368K, reserved 1048576K
GC Heap History (20 events):
Event: 1,256 GC heap before
{Heap before GC invocations=2 (full 0):
 garbage-first heap   total 129024K, used 78043K [0x0000000085600000, 0x0000000100000000)
  region size 1024K, 74 young (75776K), 6 survivors (6144K)
 Metaspace       used 12946K, committed 13056K, reserved 1064960K
  class space    used 1490K, committed 1536K, reserved 1048576K
}
Event: 1,267 GC heap after
{Heap after GC invocations=3 (full 0):
 garbage-first heap   total 129024K, used 15739K [0x0000000085600000, 0x0000000100000000)
  region size 1024K, 10 young (10240K), 10 survivors (10240K)
 Metaspace       used 12946K, committed 13056K, reserved 1064960K
  class space    used 1490K, committed 1536K, reserved 1048576K
}
Event: 1,592 GC heap before
{Heap before GC invocations=3 (full 0):
 garbage-first heap   total 129024K, used 81275K [0x0000000085600000, 0x0000000100000000)
  region size 1024K, 74 young (75776K), 10 survivors (10240K)
 Metaspace       used 14869K, committed 15104K, reserved 1064960K
  class space    used 1659K, committed 1792K, reserved 1048576K
}
Event: 1,603 GC heap after
{Heap after GC invocations=4 (full 0):
 garbage-first heap   total 129024K, used 23144K [0x0000000085600000, 0x0000000100000000)
  region size 1024K, 8 young (8192K), 8 survivors (8192K)
 Metaspace       used 14869K, committed 15104K, reserved 1064960K
  class space    used 1659K, committed 1792K, reserved 1048576K
}
Event: 1,750 GC heap before
{Heap before GC invocations=4 (full 0):
 garbage-first heap   total 129024K, used 89704K [0x0000000085600000, 0x0000000100000000)
  region size 1024K, 73 young (74752K), 8 survivors (8192K)
 Metaspace       used 15045K, committed 15296K, reserved 1064960K
  class space    used 1662K, committed 1792K, reserved 1048576K
}
Event: 1,761 GC heap after
{Heap after GC invocations=5 (full 0):
 garbage-first heap   total 129024K, used 34272K [0x0000000085600000, 0x0000000100000000)
  region size 1024K, 10 young (10240K), 10 survivors (10240K)
 Metaspace       used 15045K, committed 15296K, reserved 1064960K
  class space    used 1662K, committed 1792K, reserved 1048576K
}
Event: 1,869 GC heap before
{Heap before GC invocations=5 (full 0):
 garbage-first heap   total 129024K, used 92640K [0x0000000085600000, 0x0000000100000000)
  region size 1024K, 67 young (68608K), 10 survivors (10240K)
 Metaspace       used 15154K, committed 15360K, reserved 1064960K
  class space    used 1662K, committed 1792K, reserved 1048576K
}
Event: 1,881 GC heap after
{Heap after GC invocations=6 (full 0):
 garbage-first heap   total 174080K, used 44512K [0x0000000085600000, 0x0000000100000000)
  region size 1024K, 9 young (9216K), 9 survivors (9216K)
 Metaspace       used 15154K, committed 15360K, reserved 1064960K
  class space    used 1662K, committed 1792K, reserved 1048576K
}
Event: 2,356 GC heap before
{Heap before GC invocations=6 (full 0):
 garbage-first heap   total 174080K, used 126432K [0x0000000085600000, 0x0000000100000000)
  region size 1024K, 83 young (84992K), 9 survivors (9216K)
 Metaspace       used 17481K, committed 17728K, reserved 1064960K
  class space    used 1907K, committed 2048K, reserved 1048576K
}
Event: 2,365 GC heap after
{Heap after GC invocations=7 (full 0):
 garbage-first heap   total 174080K, used 63285K [0x0000000085600000, 0x0000000100000000)
  region size 1024K, 11 young (11264K), 11 survivors (11264K)
 Metaspace       used 17481K, committed 17728K, reserved 1064960K
  class space    used 1907K, committed 2048K, reserved 1048576K
}
Event: 2,468 GC heap before
{Heap before GC invocations=7 (full 0):
 garbage-first heap   total 174080K, used 126773K [0x0000000085600000, 0x0000000100000000)
  region size 1024K, 73 young (74752K), 11 survivors (11264K)
 Metaspace       used 17507K, committed 17728K, reserved 1064960K
  class space    used 1907K, committed 2048K, reserved 1048576K
}
Event: 2,477 GC heap after
{Heap after GC invocations=8 (full 0):
 garbage-first heap   total 174080K, used 66459K [0x0000000085600000, 0x0000000100000000)
  region size 1024K, 10 young (10240K), 10 survivors (10240K)
 Metaspace       used 17507K, committed 17728K, reserved 1064960K
  class space    used 1907K, committed 2048K, reserved 1048576K
}
Event: 2,671 GC heap before
{Heap before GC invocations=8 (full 0):
 garbage-first heap   total 174080K, used 127899K [0x0000000085600000, 0x0000000100000000)
  region size 1024K, 67 young (68608K), 10 survivors (10240K)
 Metaspace       used 17922K, committed 18176K, reserved 1064960K
  class space    used 1945K, committed 2048K, reserved 1048576K
}
Event: 2,684 GC heap after
{Heap after GC invocations=9 (full 0):
 garbage-first heap   total 174080K, used 88513K [0x0000000085600000, 0x0000000100000000)
  region size 1024K, 9 young (9216K), 9 survivors (9216K)
 Metaspace       used 17922K, committed 18176K, reserved 1064960K
  class space    used 1945K, committed 2048K, reserved 1048576K
}
Event: 2,814 GC heap before
{Heap before GC invocations=9 (full 0):
 garbage-first heap   total 174080K, used 125377K [0x0000000085600000, 0x0000000100000000)
  region size 1024K, 45 young (46080K), 9 survivors (9216K)
 Metaspace       used 17946K, committed 18176K, reserved 1064960K
  class space    used 1945K, committed 2048K, reserved 1048576K
}
Event: 2,823 GC heap after
{Heap after GC invocations=10 (full 0):
 garbage-first heap   total 286720K, used 98784K [0x0000000085600000, 0x0000000100000000)
  region size 1024K, 6 young (6144K), 6 survivors (6144K)
 Metaspace       used 17946K, committed 18176K, reserved 1064960K
  class space    used 1945K, committed 2048K, reserved 1048576K
}
Event: 3,302 GC heap before
{Heap before GC invocations=11 (full 0):
 garbage-first heap   total 286720K, used 192992K [0x0000000085600000, 0x0000000100000000)
  region size 1024K, 93 young (95232K), 6 survivors (6144K)
 Metaspace       used 20845K, committed 21184K, reserved 1073152K
  class space    used 2222K, committed 2368K, reserved 1048576K
}
Event: 3,309 GC heap after
{Heap after GC invocations=12 (full 0):
 garbage-first heap   total 286720K, used 120247K [0x0000000085600000, 0x0000000100000000)
  region size 1024K, 12 young (12288K), 12 survivors (12288K)
 Metaspace       used 20845K, committed 21184K, reserved 1073152K
  class space    used 2222K, committed 2368K, reserved 1048576K
}
Event: 3,313 GC heap before
{Heap before GC invocations=12 (full 0):
 garbage-first heap   total 286720K, used 122295K [0x0000000085600000, 0x0000000100000000)
  region size 1024K, 14 young (14336K), 12 survivors (12288K)
 Metaspace       used 20851K, committed 21184K, reserved 1073152K
  class space    used 2222K, committed 2368K, reserved 1048576K
}
Event: 3,319 GC heap after
{Heap after GC invocations=13 (full 0):
 garbage-first heap   total 286720K, used 120695K [0x0000000085600000, 0x0000000100000000)
  region size 1024K, 2 young (2048K), 2 survivors (2048K)
 Metaspace       used 20851K, committed 21184K, reserved 1073152K
  class space    used 2222K, committed 2368K, reserved 1048576K
}

